<?xml version="1.0" encoding="UTF-8"?>
<!-- Generated by org.testng.reporters.JUnitReportReporter -->
<testsuite hostname="Abduls-MacBook-Pro.local" failures="0" tests="1" name="com.framework.GenaralHomePage" time="32.619" errors="0" timestamp="2023-06-23T17:40:58 IST" skipped="0">
  <testcase classname="com.framework.GenaralHomePage" name="homepageFormFilling" time="32.619"/>
</testsuite> <!-- com.framework.GenaralHomePage -->
